<?xml version="1.0" encoding="UTF-8"?>
<!-- Generated by org.testng.reporters.JUnitXMLReporter -->
<testsuite ignored="1" hostname="DESKTOP-VM71CIR" failures="0" tests="7" name="Default test" time="60.351" errors="0" timestamp="2025-04-04T17:16:18 IST">
  <testcase classname="tests.Test_DemoBlaze" name="testSignUpWithExistingUser" time="6.335"/>
  <testcase classname="tests.Test_DemoBlaze" name="testSignUpWithEmptyFields" time="6.095"/>
  <testcase classname="tests.Test_DemoBlaze" name="testLoginWithEmptyFields" time="5.039"/>
  <testcase classname="tests.Test_DemoBlaze" name="testLoginWithInvalidPassword" time="5.724"/>
  <testcase classname="tests.Test_DemoBlaze" name="testLoginWithValidCredentials" time="13.56"/>
  <testcase classname="tests.Test_DemoBlaze" name="testAddLaptopToCartAfterLogin" time="4.871"/>
  <testcase classname="tests.Test_DemoBlaze" name="checkoutpagetest" time="2.477"/>
  <testcase classname="tests.Test_DemoBlaze" name="testValidSignUp" time="0.0">
    <ignored/>
  </testcase> <!-- testValidSignUp -->
</testsuite> <!-- Default test -->
