<?xml version="1.0" encoding="UTF-8"?>
<!-- Generated by org.testng.reporters.JUnitXMLReporter -->
<testsuite ignored="1" hostname="DESKTOP-VM71CIR" failures="0" tests="7" name="Chrome Test" time="61.471" errors="0" timestamp="2025-04-04T17:27:00 IST">
  <testcase classname="tests.Test_DemoBlaze" name="testSignUpWithExistingUser" time="7.161"/>
  <testcase classname="tests.Test_DemoBlaze" name="testSignUpWithEmptyFields" time="6.17"/>
  <testcase classname="tests.Test_DemoBlaze" name="testLoginWithEmptyFields" time="5.099"/>
  <testcase classname="tests.Test_DemoBlaze" name="testLoginWithInvalidPassword" time="6.101"/>
  <testcase classname="tests.Test_DemoBlaze" name="testLoginWithValidCredentials" time="13.557"/>
  <testcase classname="tests.Test_DemoBlaze" name="testAddLaptopToCartAfterLogin" time="4.859"/>
  <testcase classname="tests.Test_DemoBlaze" name="checkoutpagetest" time="2.915"/>
  <testcase classname="tests.Test_DemoBlaze" name="testValidSignUp" time="0.0">
    <ignored/>
  </testcase> <!-- testValidSignUp -->
</testsuite> <!-- Chrome Test -->
