<?xml version="1.0" encoding="UTF-8"?>
<!-- Generated by org.testng.reporters.JUnitXMLReporter -->
<testsuite ignored="1" hostname="DESKTOP-VM71CIR" failures="0" tests="7" name="Edge Test" time="62.375" errors="0" timestamp="2025-04-04T17:27:01 IST">
  <testcase classname="tests.Test_DemoBlaze" name="testSignUpWithExistingUser" time="7.174"/>
  <testcase classname="tests.Test_DemoBlaze" name="testSignUpWithEmptyFields" time="6.326"/>
  <testcase classname="tests.Test_DemoBlaze" name="testLoginWithEmptyFields" time="5.255"/>
  <testcase classname="tests.Test_DemoBlaze" name="testLoginWithInvalidPassword" time="5.924"/>
  <testcase classname="tests.Test_DemoBlaze" name="testLoginWithValidCredentials" time="13.535"/>
  <testcase classname="tests.Test_DemoBlaze" name="testAddLaptopToCartAfterLogin" time="4.925"/>
  <testcase classname="tests.Test_DemoBlaze" name="checkoutpagetest" time="3.807"/>
  <testcase classname="tests.Test_DemoBlaze" name="testValidSignUp" time="0.0">
    <ignored/>
  </testcase> <!-- testValidSignUp -->
</testsuite> <!-- Edge Test -->
