<?xml version="1.0" encoding="UTF-8"?>
<!-- Generated by org.testng.reporters.JUnitXMLReporter -->
<testsuite ignored="1" hostname="DESKTOP-VM71CIR" failures="0" tests="7" name="Firefox Test" time="65.655" errors="0" timestamp="2025-04-04T17:27:04 IST">
  <testcase classname="tests.Test_DemoBlaze" name="testSignUpWithExistingUser" time="6.43"/>
  <testcase classname="tests.Test_DemoBlaze" name="testSignUpWithEmptyFields" time="5.689"/>
  <testcase classname="tests.Test_DemoBlaze" name="testLoginWithEmptyFields" time="4.726"/>
  <testcase classname="tests.Test_DemoBlaze" name="testLoginWithInvalidPassword" time="5.57"/>
  <testcase classname="tests.Test_DemoBlaze" name="testLoginWithValidCredentials" time="13.273"/>
  <testcase classname="tests.Test_DemoBlaze" name="testAddLaptopToCartAfterLogin" time="4.818"/>
  <testcase classname="tests.Test_DemoBlaze" name="checkoutpagetest" time="2.3"/>
  <testcase classname="tests.Test_DemoBlaze" name="testValidSignUp" time="0.0">
    <ignored/>
  </testcase> <!-- testValidSignUp -->
</testsuite> <!-- Firefox Test -->
